make all --print-data-base --no-builtin-variables --no-builtin-rules --question
# GNU Make 3.81
# Copyright (C) 2006  Free Software Foundation, Inc.
# This is free software; see the source for copying conditions.
# There is NO warranty; not even for MERCHANTABILITY or FITNESS FOR A
# PARTICULAR PURPOSE.

# This program built for i386-apple-darwin11.3.0
 

# Make data base, printed on Tue Aug 23 12:50:35 2022

# Variables

# automatic
 
<D = $(patsubst %/,%,$(dir $<))
# automatic
?F = $(notdir $?)
# environment
VSCODE_LOG_NATIVE = false
# automatic
?D = $(patsubst %/,%,$(dir $?))
# automatic
@D = $(patsubst %/,%,$(dir $@))
# automatic
@F = $(notdir $@)
# makefile (from `Makefile', line 6)
BONUS_OBJS = $(BONUS_SRCS:.c=.o)
# makefile
CURDIR := /Users/jinholee/ft_printf
# makefile
SHELL = /bin/sh
# environment
VSCODE_NLS_CONFIG = {"locale":"en-us","availableLanguages":{},"_languagePackSupport":true}
# environment
_ = /usr/bin/make
# makefile (from `Makefile', line 2)
CFLAGS = -Wall -Wextra -Werror
# makefile (from `Makefile', line 1)
MAKEFILE_LIST :=  Makefile
# environment
VSCODE_VERBOSE_LOGGING = true
# makefile (from `Makefile', line 5)
OBJS = $(SRCS:.c=.o)
# environment
VSCODE_IPC_HOOK_EXTHOST = /var/folders/zz/zyxvpxvq6csfxvn_n000cs_w0036_q/T/vscode-ipc-b5f6bc6a-4527-44e9-8191-793918d81d79.sock
# environment
VSCODE_CWD = /
# environment
PATH = /Users/jinholee/.brew/bin:/usr/local/bin:/usr/bin:/bin:/usr/sbin:/sbin:/usr/local/munki
# makefile (from `Makefile', line 8)
BONUS_INC = ft_printf_bonus.h
# makefile (from `Makefile', line 15)
OBJECT = $(OBJS)
# environment
VSCODE_LOG_STACK = false
# environment
ELECTRON_RUN_AS_NODE = 1
# default
.FEATURES := target-specific order-only second-expansion else-if archives jobserver check-symlink
# environment
SSH_AUTH_SOCK = /private/tmp/com.apple.launchd.EoyyHF5GPj/Listeners
# automatic
%F = $(notdir $%)
# makefile (from `Makefile', line 4)
BONUS_SRCS = $(SRCS:.c=_bonus.c)
# environment
VSCODE_PIPE_LOGGING = true
# environment
PWD = /Users/jinholee/ft_printf
# environment
ORIGINAL_XDG_CURRENT_DESKTOP = undefined
# environment
VSCODE_AMD_ENTRYPOINT = vs/workbench/api/node/extensionHostProcess
# environment
HOME = /Users/jinholee
# default
MAKEFILEPATH := /Applications/Xcode.app/Contents/Developer/Makefiles
# environment
VSCODE_CODE_CACHE_PATH = /Users/jinholee/Library/Application Support/Code/CachedData/c3511e6c69bb39013c4a4b7b9566ec1ca73fc4d5
# environment
LOGNAME = jinholee
# environment
APPLICATION_INSIGHTS_NO_DIAGNOSTIC_CHANNEL = 1
# environment
VSCODE_HANDLES_UNCAUGHT_ERRORS = true
# automatic
^D = $(patsubst %/,%,$(dir $^))
# environment
XPC_FLAGS = 0x0
# default
MAKE = $(MAKE_COMMAND)
# default
MAKECMDGOALS := all
# makefile (from `Makefile', line 3)
SRCS = ft_printf.c utils.c utils2.c utils3.c utils4.c utils5.c
# environment
SHLVL = 1
# makefile (from `Makefile', line 1)
CC = cc
# default
MAKE_VERSION := 3.81
# environment
USER = jinholee
# makefile
.DEFAULT_GOAL := all
# makefile (from `Makefile', line 16)
INCLUDE = $(INC)
# makefile (from `Makefile', line 9)
NAME = libftprintf.a
# automatic
%D = $(patsubst %/,%,$(dir $%))
# default
MAKE_COMMAND := /Applications/Xcode.app/Contents/Developer/usr/bin/make
# makefile (from `Makefile', line 7)
INC = ft_printf.h
# default
.VARIABLES := 
# environment
TMPDIR = /var/folders/zz/zyxvpxvq6csfxvn_n000cs_w0036_q/T/
# automatic
*F = $(notdir $*)
# environment
VSCODE_IPC_HOOK = /Users/jinholee/Library/Application Support/Code/1.67.2-main.sock
# makefile
MAKEFLAGS = Rrqp
 
# environment
MFLAGS = -Rrqp
# automatic
*D = $(patsubst %/,%,$(dir $*))
# environment
XPC_SERVICE_NAME = com.microsoft.VSCode.1016
# automatic
+D = $(patsubst %/,%,$(dir $+))
# automatic
+F = $(notdir $+)
# environment
__CF_USER_TEXT_ENCODING = 0x19957:0x0:0x0
# default
MAKEFILES := 
# automatic
<F = $(notdir $<)
# environment
LC_ALL = C
# automatic
^F = $(notdir $^)
# default
SUFFIXES := 
# default
.INCLUDE_DIRS = /usr/local/include
# environment
MAKELEVEL := 0
# environment
LANG = C
# environment
VSCODE_PID = 60266
# variable set hash-table stats:
# Load=71/1024=7%, Rehash=0, Collisions=6/107=6%

# Pattern-specific Variable Values

# No pattern-specific variable values.

# Directories

# . (device 16777225, inode 3945866): 19 files, no impossibilities.

# 19 files, no impossibilities in 1 directories.

# Implicit Rules

%.o: %.c
#  commands to execute (from `Makefile', line 25):
	$(CC) $(CFLAGS) -c -o $@ -I $(INCLUDE) $<
	

# 1 implicit rules, 0 (0.0%) terminal.

# Files

all: libftprintf.a
#  Phony target (prerequisite of .PHONY).
#  Command-line target.
#  Implicit rule search has not been done.
#  File does not exist.
#  File has been updated.
#  Needs to be updated (-q is set).
# variable set hash-table stats:
# Load=0/32=0%, Rehash=0, Collisions=0/6=0%

.PHONY: all clean fclean re all
#  Implicit rule search has not been done.
#  Modification time never checked.
#  File has not been updated.

ft_printf.o: ft_printf.c
#  Implicit rule search has been done.
#  Implicit/static pattern stem: `ft_printf'
#  File does not exist.
#  File has been updated.
#  Needs to be updated (-q is set).
# automatic
# @ := ft_printf.o
# automatic
# % := 
# automatic
# * := ft_printf
# automatic
# + := ft_printf.c
# automatic
# | := 
# automatic
# < := ft_printf.c
# automatic
# ^ := ft_printf.c
# automatic
# ? := ft_printf.c
# variable set hash-table stats:
# Load=8/32=25%, Rehash=0, Collisions=2/16=12%
#  commands to execute (from `Makefile', line 25):
	$(CC) $(CFLAGS) -c -o $@ -I $(INCLUDE) $<
	

# Not a target:
utils2.o:
#  Implicit rule search has not been done.
#  Modification time never checked.
#  File has not been updated.

# Not a target:
.SUFFIXES:
#  Implicit rule search has not been done.
#  Modification time never checked.
#  File has not been updated.

# Not a target:
Makefile:
#  Implicit rule search has been done.
#  Last modified 2022-08-23 12:47:49
#  File has been updated.
#  Successfully updated.
# variable set hash-table stats:
# Load=0/32=0%, Rehash=0, Collisions=0/0=0%

# Not a target:
utils5.o:
#  Implicit rule search has not been done.
#  Modification time never checked.
#  File has not been updated.

bonus:
#  Implicit rule search has not been done.
#  Modification time never checked.
#  File has not been updated.
#  commands to execute (from `Makefile', line 42):
	make BONUSFLAG=1 all
	

fclean: clean
#  Phony target (prerequisite of .PHONY).
#  Implicit rule search has not been done.
#  File does not exist.
#  File has not been updated.
#  commands to execute (from `Makefile', line 37):
	rm -rf $(NAME)
	

# Not a target:
ft_printf.c:
#  Implicit rule search has been done.
#  Last modified 2022-08-23 12:27:21
#  File has been updated.
#  Successfully updated.
# variable set hash-table stats:
# Load=0/32=0%, Rehash=0, Collisions=0/0=0%

# Not a target:
utils4.o:
#  Implicit rule search has not been done.
#  Modification time never checked.
#  File has not been updated.

# Not a target:
.DEFAULT:
#  Implicit rule search has not been done.
#  Modification time never checked.
#  File has not been updated.

re: fclean all
#  Phony target (prerequisite of .PHONY).
#  Implicit rule search has not been done.
#  File does not exist.
#  File has not been updated.

# Not a target:
utils3.o:
#  Implicit rule search has not been done.
#  Modification time never checked.
#  File has not been updated.

clean:
#  Phony target (prerequisite of .PHONY).
#  Implicit rule search has not been done.
#  File does not exist.
#  File has not been updated.
#  commands to execute (from `Makefile', line 34):
	rm -rf $(OBJS) $(BONUS_OBJS)
	

# Not a target:
utils.o:
#  Implicit rule search has not been done.
#  Modification time never checked.
#  File has not been updated.

libftprintf.a: ft_printf.o utils.o utils2.o utils3.o utils4.o utils5.o
#  Implicit rule search has not been done.
#  File does not exist.
#  File has been updated.
#  Needs to be updated (-q is set).
# variable set hash-table stats:
# Load=0/32=0%, Rehash=0, Collisions=0/6=0%
#  commands to execute (from `Makefile', line 22):
	ar rcs $(NAME) $(OBJECT)
	

# files hash-table stats:
# Load=17/1024=2%, Rehash=0, Collisions=0/48=0%
# VPATH Search Paths

# No `vpath' search paths.

# No general (`VPATH' variable) search path.

# # of strings in strcache: 1
# # of strcache buffers: 1
# strcache size: total = 4096 / max = 4096 / min = 4096 / avg = 4096
# strcache free: total = 4087 / max = 4087 / min = 4087 / avg = 4087

# Finished Make data base on Tue Aug 23 12:50:35 2022

 
